2024-07-01 20:31:30 INFO  org.example.hakmana.view.scene.LoginPageController - test is Successfully logged in
2024-07-01 20:31:31 ERROR org.example.hakmana.view.component.NavPanelController - 
/F:/Hakmana_EDM/Hackmana_Project/target/classes/org/example/hakmana/view/scene/Overview.fxml

2024-07-01 20:32:47 INFO  org.example.hakmana.view.scene.LoginPageController - test is Successfully logged in
2024-07-01 20:32:48 ERROR org.example.hakmana.view.component.NavPanelController - 
/F:/Hakmana_EDM/Hackmana_Project/target/classes/org/example/hakmana/view/scene/Overview.fxml

2024-07-01 20:36:46 INFO  org.example.hakmana.view.scene.LoginPageController - test is Successfully logged in
2024-07-01 20:36:47 ERROR org.example.hakmana.view.component.NavPanelController - 
/F:/Hakmana_EDM/Hackmana_Project/target/classes/org/example/hakmana/view/scene/Overview.fxml

2024-07-01 20:39:58 INFO  org.example.hakmana.view.scene.LoginPageController - test is Successfully logged in
2024-07-01 20:39:58 ERROR org.example.hakmana.view.component.NavPanelController - 
/F:/Hakmana_EDM/Hackmana_Project/target/classes/org/example/hakmana/view/scene/Overview.fxml

2024-07-01 20:40:33 INFO  org.example.hakmana.view.scene.LoginPageController - test is Successfully logged in
2024-07-01 20:41:39 ERROR org.example.hakmana.view.component.NavPanelController - 
/F:/Hakmana_EDM/Hackmana_Project/target/classes/org/example/hakmana/view/scene/Overview.fxml

2024-07-01 20:41:42 ERROR org.example.hakmana.view.component.NavPanelController - 
/F:/Hakmana_EDM/Hackmana_Project/target/classes/org/example/hakmana/view/scene/Overview.fxml

2024-07-01 21:06:14 INFO  org.example.hakmana.view.scene.LoginPageController - test is Successfully logged in
2024-07-01 21:07:03 ERROR org.example.hakmana.view.component.NavPanelController - 
/F:/Hakmana_EDM/Hackmana_Project/target/classes/org/example/hakmana/view/scene/Overview.fxml

2024-07-01 21:08:10 INFO  org.example.hakmana.view.scene.LoginPageController - test is Successfully logged in
2024-07-01 21:10:20 INFO  org.example.hakmana.view.scene.LoginPageController - test is Successfully logged in
2024-07-01 21:11:40 INFO  org.example.hakmana.view.scene.LoginPageController - test is Successfully logged in
2024-07-01 22:40:03 INFO  org.example.hakmana.view.scene.LoginPageController - test is Successfully logged in
2024-07-01 22:45:14 INFO  org.example.hakmana.view.scene.LoginPageController - test is Successfully logged in
2024-07-01 22:50:32 INFO  org.example.hakmana.view.scene.LoginPageController - test is Successfully logged in
2024-07-01 22:55:55 INFO  org.example.hakmana.view.scene.LoginPageController - test is Successfully logged in
2024-07-01 23:02:49 INFO  org.example.hakmana.view.scene.LoginPageController - test is Successfully logged in
2024-07-01 23:04:36 INFO  org.example.hakmana.view.scene.LoginPageController - test is Successfully logged in
2024-07-01 23:05:47 INFO  org.example.hakmana.view.scene.LoginPageController - test is Successfully logged in
2024-07-01 23:09:51 INFO  org.example.hakmana.view.scene.LoginPageController - test is Successfully logged in
2024-07-01 23:22:45 INFO  org.example.hakmana.view.scene.LoginPageController - test is Successfully logged in
2024-07-01 23:40:46 INFO  org.example.hakmana.view.scene.LoginPageController - test is Successfully logged in
2024-07-02 00:11:17 INFO  org.example.hakmana.view.scene.LoginPageController - test is Successfully logged in
2024-07-02 00:17:18 INFO  org.example.hakmana.view.scene.LoginPageController - test is Successfully logged in
2024-07-02 00:22:47 INFO  org.example.hakmana.view.scene.LoginPageController - test is Successfully logged in
2024-07-02 00:40:10 INFO  org.example.hakmana.view.scene.LoginPageController - test is Successfully logged in
2024-07-02 01:09:04 INFO  org.example.hakmana.view.scene.LoginPageController - test is Successfully logged in
2024-07-02 08:35:24 INFO  org.example.hakmana.view.scene.LoginPageController - test is Successfully logged in
2024-07-02 08:39:16 INFO  org.example.hakmana.view.scene.LoginPageController - test is Successfully logged in
2024-07-03 14:31:32 INFO  org.example.hakmana.view.scene.LoginPageController - test is Successfully logged in
2024-07-05 19:34:25 INFO  org.example.hakmana.view.scene.LoginPageController - test is Successfully logged in
2024-07-06 12:00:22 INFO  org.example.hakmana.view.scene.LoginPageController - test is Successfully logged in
2024-07-06 12:00:27 ERROR org.example.hakmana.view.component.DeviceInfoCardController - 
/G:/CAMPUS/2--LV2/Hakmana%20project/Development/hakmana/target/classes/org/example/hakmana/view/scene/DevDetailedView.fxml

2024-07-06 12:10:25 INFO  org.example.hakmana.view.scene.LoginPageController - test is Successfully logged in
2024-07-06 14:55:40 INFO  org.example.hakmana.view.scene.LoginPageController - test is Successfully logged in
2024-07-06 14:55:44 ERROR org.example.hakmana.view.component.DeviceInfoCardController - 
/G:/CAMPUS/2--LV2/Hakmana%20project/Development/hakmana/target/classes/org/example/hakmana/view/scene/DevDetailedView.fxml

2024-07-06 18:05:12 INFO  org.example.hakmana.view.scene.LoginPageController - test is Successfully logged in
2024-07-06 18:05:20 ERROR org.example.hakmana.view.component.DeviceInfoCardController - 
/G:/CAMPUS/2--LV2/Hakmana%20project/Development/hakmana/target/classes/org/example/hakmana/view/scene/DevDetailedView.fxml

2024-07-06 18:18:12 INFO  org.example.hakmana.view.scene.LoginPageController - test is Successfully logged in
2024-07-06 18:18:17 ERROR org.example.hakmana.view.component.DeviceInfoCardController - 
/G:/CAMPUS/2--LV2/Hakmana%20project/Development/hakmana/target/classes/org/example/hakmana/view/scene/DevDetailedView.fxml

2024-07-06 18:20:40 INFO  org.example.hakmana.view.scene.LoginPageController - test is Successfully logged in
2024-07-06 18:20:45 ERROR org.example.hakmana.view.component.DeviceInfoCardController - 
/G:/CAMPUS/2--LV2/Hakmana%20project/Development/hakmana/target/classes/org/example/hakmana/view/scene/DevDetailedView.fxml

2024-07-06 18:20:48 ERROR org.example.hakmana.view.component.DeviceInfoCardController - 
/G:/CAMPUS/2--LV2/Hakmana%20project/Development/hakmana/target/classes/org/example/hakmana/view/scene/DevDetailedView.fxml

2024-07-06 18:20:49 ERROR org.example.hakmana.view.component.DeviceInfoCardController - 
/G:/CAMPUS/2--LV2/Hakmana%20project/Development/hakmana/target/classes/org/example/hakmana/view/scene/DevDetailedView.fxml

2024-07-06 18:20:59 ERROR org.example.hakmana.view.component.DeviceInfoCardController - 
/G:/CAMPUS/2--LV2/Hakmana%20project/Development/hakmana/target/classes/org/example/hakmana/view/scene/DevDetailedView.fxml

2024-07-06 18:26:04 INFO  org.example.hakmana.view.scene.LoginPageController - test is Successfully logged in
2024-07-06 18:26:08 ERROR org.example.hakmana.view.component.DeviceInfoCardController - 
/G:/CAMPUS/2--LV2/Hakmana%20project/Development/hakmana/target/classes/org/example/hakmana/view/scene/DevDetailedView.fxml

2024-07-06 18:29:04 INFO  org.example.hakmana.view.scene.LoginPageController - test is Successfully logged in
2024-07-06 18:59:18 INFO  org.example.hakmana.view.scene.LoginPageController - test is Successfully logged in
2024-07-06 19:01:14 INFO  org.example.hakmana.view.scene.LoginPageController - test is Successfully logged in
2024-07-06 19:27:11 INFO  org.example.hakmana.view.scene.LoginPageController - test is Successfully logged in
2024-07-06 19:30:55 INFO  org.example.hakmana.view.scene.LoginPageController - test is Successfully logged in
2024-07-06 19:38:58 INFO  org.example.hakmana.view.scene.LoginPageController - test is Successfully logged in
2024-07-06 19:45:19 INFO  org.example.hakmana.view.scene.LoginPageController - test is Successfully logged in
2024-07-06 19:45:23 ERROR org.example.hakmana.view.component.DeviceInfoCardController - 
/G:/CAMPUS/2--LV2/Hakmana%20project/Development/hakmana/target/classes/org/example/hakmana/view/scene/DevDetailedView.fxml

2024-07-06 19:45:25 ERROR org.example.hakmana.view.component.DeviceInfoCardController - 
/G:/CAMPUS/2--LV2/Hakmana%20project/Development/hakmana/target/classes/org/example/hakmana/view/scene/DevDetailedView.fxml

2024-07-06 19:45:26 ERROR org.example.hakmana.view.component.DeviceInfoCardController - 
/G:/CAMPUS/2--LV2/Hakmana%20project/Development/hakmana/target/classes/org/example/hakmana/view/scene/DevDetailedView.fxml

2024-07-06 19:46:25 INFO  org.example.hakmana.view.scene.LoginPageController - test is Successfully logged in
2024-07-06 19:49:05 ERROR org.example.hakmana.view.component.DeviceInfoCardController - 
/G:/CAMPUS/2--LV2/Hakmana%20project/Development/hakmana/target/classes/org/example/hakmana/view/scene/DevDetailedView.fxml

2024-07-06 19:50:24 INFO  org.example.hakmana.view.scene.LoginPageController - test is Successfully logged in
2024-07-06 19:50:29 ERROR org.example.hakmana.view.component.DeviceInfoCardController - 
/G:/CAMPUS/2--LV2/Hakmana%20project/Development/hakmana/target/classes/org/example/hakmana/view/scene/DevDetailedView.fxml

2024-07-06 19:51:24 INFO  org.example.hakmana.view.scene.LoginPageController - test is Successfully logged in
2024-07-06 19:51:27 ERROR org.example.hakmana.view.component.DeviceInfoCardController - 
/G:/CAMPUS/2--LV2/Hakmana%20project/Development/hakmana/target/classes/org/example/hakmana/view/scene/DevDetailedView.fxml

2024-07-06 19:54:16 INFO  org.example.hakmana.view.scene.LoginPageController - test is Successfully logged in
2024-07-06 19:58:53 INFO  org.example.hakmana.view.scene.LoginPageController - test is Successfully logged in
