2024-07-01 20:31:30 INFO  org.example.hakmana.view.scene.LoginPageController - test is Successfully logged in
2024-07-01 20:32:47 INFO  org.example.hakmana.view.scene.LoginPageController - test is Successfully logged in
2024-07-01 20:36:46 INFO  org.example.hakmana.view.scene.LoginPageController - test is Successfully logged in
2024-07-01 20:39:58 INFO  org.example.hakmana.view.scene.LoginPageController - test is Successfully logged in
2024-07-01 20:40:33 INFO  org.example.hakmana.view.scene.LoginPageController - test is Successfully logged in
2024-07-01 21:06:14 INFO  org.example.hakmana.view.scene.LoginPageController - test is Successfully logged in
2024-07-01 21:08:10 INFO  org.example.hakmana.view.scene.LoginPageController - test is Successfully logged in
2024-07-01 21:10:20 INFO  org.example.hakmana.view.scene.LoginPageController - test is Successfully logged in
2024-07-01 21:11:40 INFO  org.example.hakmana.view.scene.LoginPageController - test is Successfully logged in
2024-07-01 22:40:03 INFO  org.example.hakmana.view.scene.LoginPageController - test is Successfully logged in
2024-07-01 22:45:14 INFO  org.example.hakmana.view.scene.LoginPageController - test is Successfully logged in
2024-07-01 22:50:32 INFO  org.example.hakmana.view.scene.LoginPageController - test is Successfully logged in
2024-07-01 22:55:55 INFO  org.example.hakmana.view.scene.LoginPageController - test is Successfully logged in
2024-07-01 22:56:00 ERROR org.example.hakmana.model.mainDevices.Devices - No value specified for parameter 22
2024-07-01 22:56:33 ERROR org.example.hakmana.model.mainDevices.Devices - No value specified for parameter 22
2024-07-01 22:57:36 ERROR org.example.hakmana.model.mainDevices.Devices - No value specified for parameter 25
2024-07-01 22:59:07 ERROR org.example.hakmana.model.mainDevices.Devices - No value specified for parameter 22
2024-07-01 22:59:53 ERROR org.example.hakmana.model.mainDevices.Devices - No value specified for parameter 25
2024-07-01 23:02:49 INFO  org.example.hakmana.view.scene.LoginPageController - test is Successfully logged in
2024-07-01 23:02:58 ERROR org.example.hakmana.model.mainDevices.Devices - No value specified for parameter 22
2024-07-01 23:03:14 ERROR org.example.hakmana.model.mainDevices.Devices - No value specified for parameter 22
2024-07-01 23:03:24 ERROR org.example.hakmana.model.mainDevices.Devices - No value specified for parameter 22
2024-07-01 23:03:37 ERROR org.example.hakmana.model.mainDevices.Devices - No value specified for parameter 22
2024-07-01 23:04:36 INFO  org.example.hakmana.view.scene.LoginPageController - test is Successfully logged in
2024-07-01 23:04:45 ERROR org.example.hakmana.model.mainDevices.Devices - No value specified for parameter 22
2024-07-01 23:04:59 ERROR org.example.hakmana.model.mainDevices.Devices - No value specified for parameter 22
2024-07-01 23:05:47 INFO  org.example.hakmana.view.scene.LoginPageController - test is Successfully logged in
2024-07-01 23:05:54 ERROR org.example.hakmana.model.mainDevices.Devices - No value specified for parameter 22
2024-07-01 23:06:59 ERROR org.example.hakmana.model.mainDevices.Devices - No value specified for parameter 22
2024-07-01 23:09:51 INFO  org.example.hakmana.view.scene.LoginPageController - test is Successfully logged in
2024-07-01 23:09:57 ERROR org.example.hakmana.model.mainDevices.Devices - No value specified for parameter 22
2024-07-01 23:22:45 INFO  org.example.hakmana.view.scene.LoginPageController - test is Successfully logged in
2024-07-01 23:40:46 INFO  org.example.hakmana.view.scene.LoginPageController - test is Successfully logged in
2024-07-02 00:11:17 INFO  org.example.hakmana.view.scene.LoginPageController - test is Successfully logged in
2024-07-02 00:11:27 ERROR org.example.hakmana.model.mainDevices.Devices - No value specified for parameter 23
2024-07-02 00:12:09 ERROR org.example.hakmana.model.mainDevices.Devices - No value specified for parameter 23
2024-07-02 00:13:11 ERROR org.example.hakmana.model.mainDevices.Devices - You have an error in your SQL syntax; check the manual that corresponds to your MariaDB server version for the right syntax to use near 'upsRegNum,powerSupplyRegNum,mouseRegNum,keyboardRegNum,micRegNum,scannerRegNu...' at line 1
2024-07-02 00:14:09 ERROR org.example.hakmana.model.mainDevices.Devices - You have an error in your SQL syntax; check the manual that corresponds to your MariaDB server version for the right syntax to use near 'upsRegNum,powerSupplyRegNum,mouseRegNum,keyboardRegNum,micRegNum,scannerRegNu...' at line 1
2024-07-02 00:16:20 ERROR org.example.hakmana.model.mainDevices.Devices - You have an error in your SQL syntax; check the manual that corresponds to your MariaDB server version for the right syntax to use near 'upsRegNum,powerSupplyRegNum,mouseRegNum,keyboardRegNum,micRegNum,scannerRegNu...' at line 1
2024-07-02 00:17:18 INFO  org.example.hakmana.view.scene.LoginPageController - test is Successfully logged in
2024-07-02 00:17:32 ERROR org.example.hakmana.model.mainDevices.Devices - No value specified for parameter 23
2024-07-02 00:18:00 ERROR org.example.hakmana.model.mainDevices.Devices - No value specified for parameter 23
2024-07-02 00:20:06 ERROR org.example.hakmana.model.mainDevices.Devices - Column count doesn't match value count at row 1
2024-07-02 00:21:21 ERROR org.example.hakmana.model.mainDevices.Devices - Column count doesn't match value count at row 1
2024-07-02 00:21:58 ERROR org.example.hakmana.model.mainDevices.Devices - Column count doesn't match value count at row 1
2024-07-02 00:22:47 INFO  org.example.hakmana.view.scene.LoginPageController - test is Successfully logged in
2024-07-02 00:23:24 ERROR org.example.hakmana.model.mainDevices.Devices - Cannot add or update a child row: a foreign key constraint fails (`hakmanaedm`.`desktop`, CONSTRAINT `desktop_ibfk_2` FOREIGN KEY (`monitorRegNum`) REFERENCES `monitor` (`MonitorRegNum`))
2024-07-02 00:23:29 ERROR org.example.hakmana.model.mainDevices.Devices - Cannot add or update a child row: a foreign key constraint fails (`hakmanaedm`.`desktop`, CONSTRAINT `desktop_ibfk_2` FOREIGN KEY (`monitorRegNum`) REFERENCES `monitor` (`MonitorRegNum`))
2024-07-02 00:24:04 ERROR org.example.hakmana.model.mainDevices.Devices - Cannot add or update a child row: a foreign key constraint fails (`hakmanaedm`.`desktop`, CONSTRAINT `desktop_ibfk_3` FOREIGN KEY (`SpeakerRegNum`) REFERENCES `speaker` (`SpeakerRegNum`))
2024-07-02 00:40:10 INFO  org.example.hakmana.view.scene.LoginPageController - test is Successfully logged in
2024-07-02 01:04:34 ERROR org.example.hakmana.model.mainDevices.Devices - Parameter index out of range (9 > number of parameters, which is 8).
2024-07-02 01:07:02 ERROR org.example.hakmana.model.mainDevices.Devices - Parameter index out of range (9 > number of parameters, which is 8).
2024-07-02 01:09:04 INFO  org.example.hakmana.view.scene.LoginPageController - test is Successfully logged in
2024-07-02 08:35:24 INFO  org.example.hakmana.view.scene.LoginPageController - test is Successfully logged in
2024-07-02 08:39:16 INFO  org.example.hakmana.view.scene.LoginPageController - test is Successfully logged in
2024-07-03 14:31:32 INFO  org.example.hakmana.view.scene.LoginPageController - test is Successfully logged in
2024-07-05 19:34:25 INFO  org.example.hakmana.view.scene.LoginPageController - test is Successfully logged in
2024-07-06 11:59:50 ERROR org.example.hakmana.model.DatabaseConnection - Communications link failure

The last packet sent successfully to the server was 0 milliseconds ago. The driver has not received any packets from the server.
2024-07-06 12:00:22 INFO  org.example.hakmana.view.scene.LoginPageController - test is Successfully logged in
2024-07-06 12:10:25 INFO  org.example.hakmana.view.scene.LoginPageController - test is Successfully logged in
2024-07-06 14:55:40 INFO  org.example.hakmana.view.scene.LoginPageController - test is Successfully logged in
2024-07-06 18:05:12 INFO  org.example.hakmana.view.scene.LoginPageController - test is Successfully logged in
2024-07-06 18:18:12 INFO  org.example.hakmana.view.scene.LoginPageController - test is Successfully logged in
2024-07-06 18:20:40 INFO  org.example.hakmana.view.scene.LoginPageController - test is Successfully logged in
2024-07-06 18:26:04 INFO  org.example.hakmana.view.scene.LoginPageController - test is Successfully logged in
2024-07-06 18:29:04 INFO  org.example.hakmana.view.scene.LoginPageController - test is Successfully logged in
2024-07-06 18:59:18 INFO  org.example.hakmana.view.scene.LoginPageController - test is Successfully logged in
2024-07-06 19:01:14 INFO  org.example.hakmana.view.scene.LoginPageController - test is Successfully logged in
2024-07-06 19:27:11 INFO  org.example.hakmana.view.scene.LoginPageController - test is Successfully logged in
2024-07-06 19:30:55 INFO  org.example.hakmana.view.scene.LoginPageController - test is Successfully logged in
2024-07-06 19:38:58 INFO  org.example.hakmana.view.scene.LoginPageController - test is Successfully logged in
2024-07-06 19:45:19 INFO  org.example.hakmana.view.scene.LoginPageController - test is Successfully logged in
2024-07-06 19:46:25 INFO  org.example.hakmana.view.scene.LoginPageController - test is Successfully logged in
2024-07-06 19:50:24 INFO  org.example.hakmana.view.scene.LoginPageController - test is Successfully logged in
2024-07-06 19:51:24 INFO  org.example.hakmana.view.scene.LoginPageController - test is Successfully logged in
2024-07-06 19:54:16 INFO  org.example.hakmana.view.scene.LoginPageController - test is Successfully logged in
2024-07-06 19:58:53 INFO  org.example.hakmana.view.scene.LoginPageController - test is Successfully logged in
