2024-07-01 20:41:26/user test  added new device/[PROJECTOR156, Epson Home Cinema 2150, Active]
2024-07-01 22:40:31,769yyyy-MM-dd HH:mm:ss/-user test  added new device with values:[phot034, tet, Not Assigned, old]
2024-07-01 22:40:37,621yyyy-MM-dd HH:mm:ss/-user test try to add new device with values: [phot034, tet, Not Assigned, old]
2024-07-01 22:56:03,016yyyy-MM-dd HH:mm:ss/-user test try to add new device with values: [34, , null, , , null, null, null, null, null, null, null, null, null, null, null, null, null, null, null, ]
2024-07-01 22:56:44,890yyyy-MM-dd HH:mm:ss/-user test try to add new device with values: [232, , null, , , null, null, null, null, null, null, null, null, null, null, null, null, null, null, null, ]
2024-07-01 22:57:38,866yyyy-MM-dd HH:mm:ss/-user test try to add new device with values: [232, test1, Not Assigned, serial1, from1, intel1, 54, 45, Windows, Yes, On Board, Dedicated, No, Yes, No, 975, PSU987654321, MOUSE12345678, KEYBOARD98765, MIC987654321, No, No, No, ]
2024-07-01 22:59:10,040yyyy-MM-dd HH:mm:ss/-user test try to add new device with values: [123, , null, , , null, null, null, null, null, null, null, null, null, null, null, null, null, null, null, test]
2024-07-01 22:59:57,029yyyy-MM-dd HH:mm:ss/-user test try to add new device with values: [123, m1, Not Assigned, 34, r1, 23, 32, 23, Windows, Yes, On Board, On Board, On Board, Yes, Yes, 975, No, No, No, No, No, No, No, test]
2024-07-01 23:02:59,739yyyy-MM-dd HH:mm:ss/-user test try to add new device with values: [123, , null, , , null, null, null, null, null, null, null, null, null, null, null, null, null, null, null, ]
2024-07-01 23:03:16,200yyyy-MM-dd HH:mm:ss/-user test try to add new device with values: [5645646, , null, , , null, null, null, null, null, null, null, null, null, null, null, null, null, null, null, ]
2024-07-01 23:03:26,386yyyy-MM-dd HH:mm:ss/-user test try to add new device with values: [67867878, , null, , , null, null, null, null, null, null, null, null, null, null, null, null, null, null, null, ]
2024-07-01 23:03:38,280yyyy-MM-dd HH:mm:ss/-user test try to add new device with values: [67867878, , null, , , null, null, null, null, null, null, null, null, null, null, null, null, null, null, null, test]
2024-07-01 23:04:42,195yyyy-MM-dd HH:mm:ss/-user test try to add new device with values: []
2024-07-01 23:04:47,048yyyy-MM-dd HH:mm:ss/-user test try to add new device with values: [324234, , null, , , null, null, null, null, null, null, null, null, null, null, null, null, null, null, null, ]
2024-07-01 23:05:01,457yyyy-MM-dd HH:mm:ss/-user test try to add new device with values: [324234, , null, , , null, null, null, null, null, null, null, null, null, null, null, null, null, null, null, test]
2024-07-01 23:05:55,611yyyy-MM-dd HH:mm:ss/-user test try to add new device with values: [45345, , null, , , null, null, null, null, null, null, null, null, null, null, null, null, null, null, null, ]
2024-07-01 23:07:00,788yyyy-MM-dd HH:mm:ss/-user test try to add new device with values: [45345, , null, , , null, null, null, null, null, null, null, null, null, null, null, null, null, null, null, test]
2024-07-01 23:09:58,539yyyy-MM-dd HH:mm:ss/-user test try to add new device with values: [34324, , null, , , null, null, null, null, null, null, null, null, null, null, null, null, null, null, null, ]
2024-07-02 00:11:29,652yyyy-MM-dd HH:mm:ss/-user test try to add new device with values: [342, , null, , , null, null, null, null, null, null, null, null, null, null, null, null, null, null, null, null, ]
2024-07-02 00:12:11,138yyyy-MM-dd HH:mm:ss/-user test try to add new device with values: [342, , null, , , null, null, null, null, null, null, null, null, null, null, null, null, null, null, null, null, test]
2024-07-02 00:13:18,916yyyy-MM-dd HH:mm:ss/-user test try to add new device with values: [342, model1, Repairing, 332, new, i7, 45, 45, null, null, null, null, null, null, null, null, null, null, null, null, null, null, null, null, test]
2024-07-02 00:14:11,085yyyy-MM-dd HH:mm:ss/-user test try to add new device with values: [342, model1, Repairing, 332, new, i7, 45, 45, null, null, null, null, null, null, null, null, null, MOUSE98765432, KEYBOARD98765, MIC987654321, SCANNER987654, MON987654321, SPEAKER987654, PRINTER987654, test]
2024-07-02 00:16:22,091yyyy-MM-dd HH:mm:ss/-user test try to add new device with values: [342, model1, Repairing, 332, new, i7, 45, 45, null, null, null, null, null, null, null, UPS123456789, PSU123456789, MOUSE98765432, KEYBOARD98765, MIC987654321, SCANNER987654, MON987654321, SPEAKER987654, PRINTER987654, test]
2024-07-02 00:17:34,325yyyy-MM-dd HH:mm:ss/-user test try to add new device with values: [345, , null, , , null, null, null, null, null, null, null, null, null, null, null, null, null, null, null, null, ]
2024-07-02 00:18:01,805yyyy-MM-dd HH:mm:ss/-user test try to add new device with values: [345, model1, null, , , null, null, null, null, null, null, null, No, No, No, No, No, No, No, No, No, test]
2024-07-02 00:20:11,060yyyy-MM-dd HH:mm:ss/-user test try to add new device with values: [345, model1, null, new serial, new, intel12, 122, 8, Windows, null, null, null, null, null, null, No, No, No, No, No, No, No, No, No, test]
2024-07-02 00:21:31,660yyyy-MM-dd HH:mm:ss/-user test try to add new device with values: [345, model1, null, new serial, new, intel12, 122, 8, Windows, null, null, null, null, null, null, No, No, No, No, No, No, No, No, No, test]
2024-07-02 00:22:00,109yyyy-MM-dd HH:mm:ss/-user test try to add new device with values: [345, model1, Active, new serial, new, intel12, 122, 8, Windows, null, null, null, null, null, null, No, No, No, No, No, No, No, No, No, test]
2024-07-02 00:23:26,570yyyy-MM-dd HH:mm:ss/-user test try to add new device with values: [5646, model1, Active, serial3, new, i5, 122, 4, null, null, null, null, null, null, null, No, No, No, No, No, No, No, No, No, ]
2024-07-02 00:23:58,557yyyy-MM-dd HH:mm:ss/-user test try to add new device with values: [5646, model1, Active, serial3, new, i5, 122, 4, null, null, null, null, null, null, null, No, No, No, No, No, No, No, No, No, test]
2024-07-02 00:24:08,077yyyy-MM-dd HH:mm:ss/-user test try to add new device with values: [5646, model1, Active, serial3, new, i5, 122, 4, null, null, null, null, null, null, null, No, No, No, No, No, No, MON123456789, No, No, test]
2024-07-02 00:24:23,461yyyy-MM-dd HH:mm:ss/-user test  added new device with values:[5646, model1, Active, serial3, new, i5, 122, 4, null, null, null, null, null, null, null, UPS987654321, PSU123456789, MOUSE98765432, KEYBOARD98765, MIC123456789, SCANNER987654, MON123456789, SPEAKER987654, PRINTER123456, test]
2024-07-02 00:24:25,598yyyy-MM-dd HH:mm:ss/-user test try to add new device with values: [5646, model1, Active, serial3, new, i5, 122, 4, null, null, null, null, null, null, null, UPS987654321, PSU123456789, MOUSE98765432, KEYBOARD98765, MIC123456789, SCANNER987654, MON123456789, SPEAKER987654, PRINTER123456, test]
2024-07-02 01:04:37,839yyyy-MM-dd HH:mm:ss/-user test try to add new device with values: [34543, , null, , , null, MOUSE12345678, KEYBOARD12345, test]
2024-07-02 01:07:04,248yyyy-MM-dd HH:mm:ss/-user test try to add new device with values: [34543, model, Active, form, i4, 1222, 12, Linux, MOUSE12345678, KEYBOARD12345, test]
2024-07-02 01:09:43,614yyyy-MM-dd HH:mm:ss/-user test  added new device with values:[45345, mdoeltest, Repairing, form1, i5, 256, 4, Linux, MOUSE12345678, KEYBOARD12345, test]
2024-07-02 01:09:44,678yyyy-MM-dd HH:mm:ss/-user test try to add new device with values: [45345, mdoeltest, Repairing, form1, i5, 256, 4, Linux, MOUSE12345678, KEYBOARD12345, test]
2024-07-03 14:31:39,789yyyy-MM-dd HH:mm:ss/-user test  added new device with values:[123123, , null, null, null, null,  null,  null, null, null, null, null, null, null, null, null, null, null, null, null, null, null, null, null, null]
2024-07-03 14:31:42,307yyyy-MM-dd HH:mm:ss/-user test try to add new device with values: [123123, , null, null, null, null,  null,  null, null, null, null, null, null, null, null, null, null, null, null, null, null, null, null, null, null]
