2024-06-29 20:43:55 INFO  org.example.hakmana.view.scene.LoginPageController - test is Successfully logged in
2024-06-29 21:13:39 INFO  org.example.hakmana.view.scene.LoginPageController - test is Successfully logged in
2024-06-29 21:16:40 INFO  org.example.hakmana.view.scene.LoginPageController - test is Successfully logged in
2024-06-29 21:22:19 INFO  org.example.hakmana.view.scene.LoginPageController - test is Successfully logged in
2024-06-29 21:35:19 INFO  org.example.hakmana.view.scene.LoginPageController - test is Successfully logged in
2024-06-29 21:37:55 ERROR org.example.hakmana.model.mainDevices.Devices - No value specified for parameter 19
2024-06-29 21:41:28 INFO  org.example.hakmana.view.scene.LoginPageController - test is Successfully logged in
2024-06-29 21:43:51 INFO  org.example.hakmana.view.scene.LoginPageController - test is Successfully logged in
2024-07-01 14:37:20 INFO  org.example.hakmana.view.scene.LoginPageController - test is Successfully logged in
2024-07-01 14:43:04 INFO  org.example.hakmana.view.scene.LoginPageController - test is Successfully logged in
2024-07-01 14:48:28 INFO  org.example.hakmana.view.scene.LoginPageController - test is Successfully logged in
2024-07-01 14:51:00 INFO  org.example.hakmana.view.scene.LoginPageController - test is Successfully logged in
2024-07-01 14:58:07 INFO  org.example.hakmana.view.scene.LoginPageController - test is Successfully logged in
2024-07-01 15:04:30 INFO  org.example.hakmana.view.scene.LoginPageController - test is Successfully logged in
2024-07-01 15:07:01 INFO  org.example.hakmana.view.scene.LoginPageController - test is Successfully logged in
2024-07-01 15:13:36 INFO  org.example.hakmana.view.scene.LoginPageController - test is Successfully logged in
2024-07-01 15:16:16 INFO  org.example.hakmana.view.scene.LoginPageController - test is Successfully logged in
2024-07-01 15:19:51 INFO  org.example.hakmana.view.scene.LoginPageController - test is Successfully logged in
2024-07-01 15:37:24 INFO  org.example.hakmana.view.scene.LoginPageController - test is Successfully logged in
2024-07-01 15:43:32 INFO  org.example.hakmana.view.scene.LoginPageController - test is Successfully logged in
2024-07-01 18:30:08 INFO  org.example.hakmana.view.scene.LoginPageController - test is Successfully logged in
2024-07-01 18:47:44 INFO  org.example.hakmana.view.scene.LoginPageController - test is Successfully logged in
2024-07-01 18:54:32 INFO  org.example.hakmana.view.scene.LoginPageController - test is Successfully logged in
2024-07-01 18:56:14 INFO  org.example.hakmana.view.scene.LoginPageController - test is Successfully logged in
2024-07-01 19:15:43 INFO  org.example.hakmana.view.scene.LoginPageController - test is Successfully logged in
2024-07-01 19:28:08 INFO  org.example.hakmana.view.scene.LoginPageController - test is Successfully logged in
2024-07-01 19:44:28 INFO  org.example.hakmana.view.scene.LoginPageController - test is Successfully logged in
2024-07-01 19:47:10 INFO  org.example.hakmana.view.scene.LoginPageController - test is Successfully logged in
2024-07-01 20:21:52 INFO  org.example.hakmana.view.scene.LoginPageController - test is Successfully logged in
2024-07-01 20:50:24 INFO  org.example.hakmana.view.scene.LoginPageController - test is Successfully logged in
2024-07-01 20:51:48 INFO  org.example.hakmana.view.scene.LoginPageController - test is Successfully logged in
2024-07-01 20:54:40 INFO  org.example.hakmana.view.scene.LoginPageController - test is Successfully logged in
2024-07-01 20:56:21 INFO  org.example.hakmana.view.scene.LoginPageController - test is Successfully logged in
2024-07-01 20:57:21 ERROR org.example.hakmana.model.mainDevices.Devices - No value specified for parameter 16
2024-07-01 21:06:24 INFO  org.example.hakmana.view.scene.LoginPageController - test is Successfully logged in
2024-07-01 21:14:24 INFO  org.example.hakmana.view.scene.LoginPageController - test is Successfully logged in
2024-07-01 21:17:08 INFO  org.example.hakmana.view.scene.LoginPageController - test is Successfully logged in
2024-07-01 21:17:33 ERROR org.example.hakmana.model.mainDevices.Devices - Parameter index out of range (4 > number of parameters, which is 3).
2024-07-01 21:19:25 ERROR org.example.hakmana.model.mainDevices.Devices - Parameter index out of range (4 > number of parameters, which is 3).
2024-07-01 21:45:16 ERROR org.example.hakmana.model.mainDevices.Devices - Parameter index out of range (7 > number of parameters, which is 6).
2024-07-01 21:47:48 ERROR org.example.hakmana.model.mainDevices.Devices - Parameter index out of range (4 > number of parameters, which is 3).
2024-07-01 21:51:11 INFO  org.example.hakmana.view.scene.LoginPageController - test is Successfully logged in
2024-07-01 21:58:57 INFO  org.example.hakmana.view.scene.LoginPageController - test is Successfully logged in
2024-07-01 22:00:00 ERROR org.example.hakmana.model.mainDevices.Devices - Unknown column 'MonitoRegNum' in 'field list'
2024-07-01 22:02:08 ERROR org.example.hakmana.model.mainDevices.Devices - Unknown column 'MonitoRegNum' in 'field list'
2024-07-01 22:03:02 ERROR org.example.hakmana.model.mainDevices.Devices - Unknown column 'MonitoRegNum' in 'field list'
2024-07-01 22:05:03 INFO  org.example.hakmana.view.scene.LoginPageController - test is Successfully logged in
2024-07-01 22:05:42 ERROR org.example.hakmana.model.mainDevices.Devices - Duplicate entry '789' for key 'PRIMARY'
2024-07-01 22:09:46 INFO  org.example.hakmana.view.scene.LoginPageController - test is Successfully logged in
2024-07-01 22:11:49 INFO  org.example.hakmana.view.scene.LoginPageController - test is Successfully logged in
2024-07-01 22:16:35 INFO  org.example.hakmana.view.scene.LoginPageController - test is Successfully logged in
2024-07-01 22:16:53 ERROR org.example.hakmana.model.mainDevices.Devices - Data truncation: Data too long for column 'status' at row 1
