2024-06-29 20:43:55 INFO  org.example.hakmana.view.scene.LoginPageController - test is Successfully logged in
2024-06-29 21:13:39 INFO  org.example.hakmana.view.scene.LoginPageController - test is Successfully logged in
2024-06-29 21:16:40 INFO  org.example.hakmana.view.scene.LoginPageController - test is Successfully logged in
2024-06-29 21:22:19 INFO  org.example.hakmana.view.scene.LoginPageController - test is Successfully logged in
2024-06-29 21:35:19 INFO  org.example.hakmana.view.scene.LoginPageController - test is Successfully logged in
2024-06-29 21:39:27 INFO  org.example.hakmana.view.scene.DevDetailedViewController - update details of DESKTOP123456
2024-06-29 21:41:28 INFO  org.example.hakmana.view.scene.LoginPageController - test is Successfully logged in
2024-06-29 21:43:51 INFO  org.example.hakmana.view.scene.LoginPageController - test is Successfully logged in
2024-07-01 14:37:20 INFO  org.example.hakmana.view.scene.LoginPageController - test is Successfully logged in
2024-07-01 14:43:04 INFO  org.example.hakmana.view.scene.LoginPageController - test is Successfully logged in
2024-07-01 14:48:28 INFO  org.example.hakmana.view.scene.LoginPageController - test is Successfully logged in
2024-07-01 14:51:00 INFO  org.example.hakmana.view.scene.LoginPageController - test is Successfully logged in
2024-07-01 14:58:07 INFO  org.example.hakmana.view.scene.LoginPageController - test is Successfully logged in
2024-07-01 15:04:30 INFO  org.example.hakmana.view.scene.LoginPageController - test is Successfully logged in
2024-07-01 15:07:01 INFO  org.example.hakmana.view.scene.LoginPageController - test is Successfully logged in
2024-07-01 15:13:36 INFO  org.example.hakmana.view.scene.LoginPageController - test is Successfully logged in
2024-07-01 15:16:16 INFO  org.example.hakmana.view.scene.LoginPageController - test is Successfully logged in
2024-07-01 15:19:51 INFO  org.example.hakmana.view.scene.LoginPageController - test is Successfully logged in
2024-07-01 15:37:24 INFO  org.example.hakmana.view.scene.LoginPageController - test is Successfully logged in
2024-07-01 15:43:32 INFO  org.example.hakmana.view.scene.LoginPageController - test is Successfully logged in
2024-07-01 21:08:02 INFO  org.example.hakmana.view.dialogBoxes.AddDeviceDialogController - new deviceUser test is added
2024-07-01 21:17:33 INFO  org.example.hakmana.view.dialogBoxes.AddDeviceDialogController - user test  added new device [1976, model45, Inactive, re]
2024-07-01 21:19:25 INFO  org.example.hakmana.view.dialogBoxes.AddDeviceDialogController - user test  added new device [monitor4, monitormodel, Repairing, new from, 123]
2024-07-01 21:44:31 INFO  org.example.hakmana.view.dialogBoxes.AddDeviceDialogController - user test  added new device [456, testmodel, Repairing]
2024-07-01 21:45:16 INFO  org.example.hakmana.view.dialogBoxes.AddDeviceDialogController - user test  added new device [678, new modeltest, Active, record, 543, 45, 45]
2024-07-01 21:47:48 INFO  org.example.hakmana.view.dialogBoxes.AddDeviceDialogController - user test  added new device [593, test, Active, new]
2024-07-01 21:51:27 INFO  org.example.hakmana.view.dialogBoxes.AddDeviceDialogController - user test  added new device [763, new, Repairing, 456]
2024-07-01 22:00:01 INFO  org.example.hakmana.view.dialogBoxes.AddDeviceDialogController - user test try to add new device with values: [9853, old, Repairing, old, 654]
2024-07-01 22:02:13 INFO  org.example.hakmana.view.dialogBoxes.AddDeviceDialogController - user test try to add new device with values: [9853, old, Repairing, old, 654]
2024-07-01 22:03:18 INFO  org.example.hakmana.view.dialogBoxes.AddDeviceDialogController - user test try to add new device with values: [9853, old, Repairing, old, 654]
2024-07-01 22:05:26 INFO  org.example.hakmana.view.dialogBoxes.AddDeviceDialogController - user test try to add new device with values: [789, no model, Inactive, new from]
2024-07-01 22:05:48 INFO  org.example.hakmana.view.dialogBoxes.AddDeviceDialogController - user test try to add new device with values: [789, no model, Inactive, new from]
2024-07-01 22:06:42 INFO  org.example.hakmana.view.dialogBoxes.AddDeviceDialogController - user test try to add new device with values: []
2024-07-01 22:06:45 INFO  org.example.hakmana.view.dialogBoxes.AddDeviceDialogController - user test try to add new device with values: []
2024-07-01 22:10:10 INFO  org.example.hakmana.view.dialogBoxes.AddDeviceDialogController - user test try to add new device with values: [085, new model, Inactive, old]
2024-07-01 22:10:33 INFO  org.example.hakmana.view.dialogBoxes.AddDeviceDialogController - user test try to add new device with values: []
2024-07-01 22:12:08 INFO  org.example.hakmana.view.dialogBoxes.AddDeviceDialogController - user test try to add new device with values: [975, new model, Inactive, old]
2024-07-01 22:16:59 INFO  org.example.hakmana.view.dialogBoxes.AddDeviceDialogController - user test try to add new device with values: [34, test model, Not Assigned, test]
